no          id
----------- ------------------------------------
1           461A6389-A993-E711-9210-415645000030
2           471A6389-A993-E711-9210-415645000030
3           481A6389-A993-E711-9210-415645000030
4           491A6389-A993-E711-9210-415645000030
5           4A1A6389-A993-E711-9210-415645000030
6           4B1A6389-A993-E711-9210-415645000030
7           4C1A6389-A993-E711-9210-415645000030
8           4D1A6389-A993-E711-9210-415645000030
9           4E1A6389-A993-E711-9210-415645000030
10          4F1A6389-A993-E711-9210-415645000030
11          40055F8F-A993-E711-9210-415645000030
12          41055F8F-A993-E711-9210-415645000030
13          42055F8F-A993-E711-9210-415645000030
14          43055F8F-A993-E711-9210-415645000030
15          44055F8F-A993-E711-9210-415645000030
16          45055F8F-A993-E711-9210-415645000030
17          46055F8F-A993-E711-9210-415645000030
18          47055F8F-A993-E711-9210-415645000030
19          48055F8F-A993-E711-9210-415645000030
20          49055F8F-A993-E711-9210-415645000030
21          7ED55A95-A993-E711-9210-415645000030
22          7FD55A95-A993-E711-9210-415645000030
23          80D55A95-A993-E711-9210-415645000030
24          81D55A95-A993-E711-9210-415645000030
25          82D55A95-A993-E711-9210-415645000030
26          83D55A95-A993-E711-9210-415645000030
27          84D55A95-A993-E711-9210-415645000030
28          85D55A95-A993-E711-9210-415645000030
29          86D55A95-A993-E711-9210-415645000030
30          87D55A95-A993-E711-9210-415645000030
31          ED56569B-A993-E711-9210-415645000030
32          EE56569B-A993-E711-9210-415645000030
33          EF56569B-A993-E711-9210-415645000030
34          F056569B-A993-E711-9210-415645000030
35          F156569B-A993-E711-9210-415645000030
36          F256569B-A993-E711-9210-415645000030
37          F356569B-A993-E711-9210-415645000030
38          F456569B-A993-E711-9210-415645000030
39          F556569B-A993-E711-9210-415645000030
40          F656569B-A993-E711-9210-415645000030
41          8A9D52A1-A993-E711-9210-415645000030
42          8B9D52A1-A993-E711-9210-415645000030
43          8C9D52A1-A993-E711-9210-415645000030
44          8D9D52A1-A993-E711-9210-415645000030
45          8E9D52A1-A993-E711-9210-415645000030
46          8F9D52A1-A993-E711-9210-415645000030
47          909D52A1-A993-E711-9210-415645000030
48          919D52A1-A993-E711-9210-415645000030
49          929D52A1-A993-E711-9210-415645000030
50          939D52A1-A993-E711-9210-415645000030
51          E6224FA7-A993-E711-9210-415645000030
52          E7224FA7-A993-E711-9210-415645000030
53          E8224FA7-A993-E711-9210-415645000030
54          E9224FA7-A993-E711-9210-415645000030
55          EA224FA7-A993-E711-9210-415645000030
56          EB224FA7-A993-E711-9210-415645000030
57          EC224FA7-A993-E711-9210-415645000030
58          ED224FA7-A993-E711-9210-415645000030
59          EE224FA7-A993-E711-9210-415645000030
60          EF224FA7-A993-E711-9210-415645000030
61          D7744AAD-A993-E711-9210-415645000030
62          D8744AAD-A993-E711-9210-415645000030
63          D9744AAD-A993-E711-9210-415645000030
64          DA744AAD-A993-E711-9210-415645000030
65          DB744AAD-A993-E711-9210-415645000030
66          DC744AAD-A993-E711-9210-415645000030
67          DD744AAD-A993-E711-9210-415645000030
68          DE744AAD-A993-E711-9210-415645000030
69          DF744AAD-A993-E711-9210-415645000030
70          E0744AAD-A993-E711-9210-415645000030
71          790146B3-A993-E711-9210-415645000030
72          7A0146B3-A993-E711-9210-415645000030
73          7B0146B3-A993-E711-9210-415645000030
74          7C0146B3-A993-E711-9210-415645000030
75          7D0146B3-A993-E711-9210-415645000030
76          7E0146B3-A993-E711-9210-415645000030
77          7F0146B3-A993-E711-9210-415645000030
78          800146B3-A993-E711-9210-415645000030
79          810146B3-A993-E711-9210-415645000030
80          820146B3-A993-E711-9210-415645000030
81          71F741B9-A993-E711-9210-415645000030
82          72F741B9-A993-E711-9210-415645000030
83          73F741B9-A993-E711-9210-415645000030
84          74F741B9-A993-E711-9210-415645000030
85          75F741B9-A993-E711-9210-415645000030
86          76F741B9-A993-E711-9210-415645000030
87          77F741B9-A993-E711-9210-415645000030
88          78F741B9-A993-E711-9210-415645000030
89          79F741B9-A993-E711-9210-415645000030
90          7AF741B9-A993-E711-9210-415645000030
91          D2D73DBF-A993-E711-9210-415645000030
92          D3D73DBF-A993-E711-9210-415645000030
93          D4D73DBF-A993-E711-9210-415645000030
94          D5D73DBF-A993-E711-9210-415645000030
95          D6D73DBF-A993-E711-9210-415645000030
96          D7D73DBF-A993-E711-9210-415645000030
97          D8D73DBF-A993-E711-9210-415645000030
98          D9D73DBF-A993-E711-9210-415645000030
99          DAD73DBF-A993-E711-9210-415645000030
100         DBD73DBF-A993-E711-9210-415645000030
101         E14438C5-A993-E711-9210-415645000030
102         E24438C5-A993-E711-9210-415645000030
103         E34438C5-A993-E711-9210-415645000030
104         E44438C5-A993-E711-9210-415645000030
105         E54438C5-A993-E711-9210-415645000030
106         E64438C5-A993-E711-9210-415645000030
107         E74438C5-A993-E711-9210-415645000030
108         E84438C5-A993-E711-9210-415645000030
109         E94438C5-A993-E711-9210-415645000030
110         EA4438C5-A993-E711-9210-415645000030
111         4FCB34CB-A993-E711-9210-415645000030
112         50CB34CB-A993-E711-9210-415645000030
113         51CB34CB-A993-E711-9210-415645000030
114         52CB34CB-A993-E711-9210-415645000030
115         53CB34CB-A993-E711-9210-415645000030
116         54CB34CB-A993-E711-9210-415645000030
117         55CB34CB-A993-E711-9210-415645000030
118         56CB34CB-A993-E711-9210-415645000030
119         57CB34CB-A993-E711-9210-415645000030
120         58CB34CB-A993-E711-9210-415645000030
121         5F1731D1-A993-E711-9210-415645000030
122         601731D1-A993-E711-9210-415645000030
123         611731D1-A993-E711-9210-415645000030
124         621731D1-A993-E711-9210-415645000030
125         631731D1-A993-E711-9210-415645000030
126         641731D1-A993-E711-9210-415645000030
127         651731D1-A993-E711-9210-415645000030
128         661731D1-A993-E711-9210-415645000030
129         671731D1-A993-E711-9210-415645000030
130         681731D1-A993-E711-9210-415645000030
131         DD042DD7-A993-E711-9210-415645000030
132         DE042DD7-A993-E711-9210-415645000030
133         DF042DD7-A993-E711-9210-415645000030
134         E0042DD7-A993-E711-9210-415645000030
135         E1042DD7-A993-E711-9210-415645000030
136         E2042DD7-A993-E711-9210-415645000030
137         E3042DD7-A993-E711-9210-415645000030
138         E4042DD7-A993-E711-9210-415645000030
139         E5042DD7-A993-E711-9210-415645000030
140         E6042DD7-A993-E711-9210-415645000030
141         55AC27DD-A993-E711-9210-415645000030
142         56AC27DD-A993-E711-9210-415645000030
143         57AC27DD-A993-E711-9210-415645000030
144         58AC27DD-A993-E711-9210-415645000030
145         59AC27DD-A993-E711-9210-415645000030
146         5AAC27DD-A993-E711-9210-415645000030
147         5BAC27DD-A993-E711-9210-415645000030
148         5CAC27DD-A993-E711-9210-415645000030
149         5DAC27DD-A993-E711-9210-415645000030
150         5EAC27DD-A993-E711-9210-415645000030
151         755923E3-A993-E711-9210-415645000030
152         765923E3-A993-E711-9210-415645000030
153         775923E3-A993-E711-9210-415645000030
154         785923E3-A993-E711-9210-415645000030
155         795923E3-A993-E711-9210-415645000030
156         7A5923E3-A993-E711-9210-415645000030
157         7B5923E3-A993-E711-9210-415645000030
158         7C5923E3-A993-E711-9210-415645000030
159         7D5923E3-A993-E711-9210-415645000030
160         7E5923E3-A993-E711-9210-415645000030
161         49D61DE9-A993-E711-9210-415645000030
162         4AD61DE9-A993-E711-9210-415645000030
163         4BD61DE9-A993-E711-9210-415645000030
164         4CD61DE9-A993-E711-9210-415645000030
165         4DD61DE9-A993-E711-9210-415645000030
166         4ED61DE9-A993-E711-9210-415645000030
167         4FD61DE9-A993-E711-9210-415645000030
168         50D61DE9-A993-E711-9210-415645000030
169         51D61DE9-A993-E711-9210-415645000030
170         52D61DE9-A993-E711-9210-415645000030
171         587618EF-A993-E711-9210-415645000030
172         597618EF-A993-E711-9210-415645000030
173         5A7618EF-A993-E711-9210-415645000030
174         5B7618EF-A993-E711-9210-415645000030
175         5C7618EF-A993-E711-9210-415645000030
176         5D7618EF-A993-E711-9210-415645000030
177         5E7618EF-A993-E711-9210-415645000030
178         5F7618EF-A993-E711-9210-415645000030
179         607618EF-A993-E711-9210-415645000030
180         617618EF-A993-E711-9210-415645000030
181         A49914F5-A993-E711-9210-415645000030
182         A59914F5-A993-E711-9210-415645000030
183         A69914F5-A993-E711-9210-415645000030
184         A79914F5-A993-E711-9210-415645000030
185         A89914F5-A993-E711-9210-415645000030
186         A99914F5-A993-E711-9210-415645000030
187         AA9914F5-A993-E711-9210-415645000030
188         AB9914F5-A993-E711-9210-415645000030
189         AC9914F5-A993-E711-9210-415645000030
190         AD9914F5-A993-E711-9210-415645000030
191         01F110FB-A993-E711-9210-415645000030
192         02F110FB-A993-E711-9210-415645000030
193         03F110FB-A993-E711-9210-415645000030
194         04F110FB-A993-E711-9210-415645000030
195         05F110FB-A993-E711-9210-415645000030
196         06F110FB-A993-E711-9210-415645000030
197         07F110FB-A993-E711-9210-415645000030
198         08F110FB-A993-E711-9210-415645000030
199         09F110FB-A993-E711-9210-415645000030
200         0AF110FB-A993-E711-9210-415645000030
201         42BC0C01-AA93-E711-9210-415645000030
202         43BC0C01-AA93-E711-9210-415645000030
203         44BC0C01-AA93-E711-9210-415645000030
204         45BC0C01-AA93-E711-9210-415645000030
205         46BC0C01-AA93-E711-9210-415645000030
206         47BC0C01-AA93-E711-9210-415645000030
207         48BC0C01-AA93-E711-9210-415645000030
208         49BC0C01-AA93-E711-9210-415645000030
209         4ABC0C01-AA93-E711-9210-415645000030
210         4BBC0C01-AA93-E711-9210-415645000030
211         9B2B0807-AA93-E711-9210-415645000030
212         9C2B0807-AA93-E711-9210-415645000030
213         9D2B0807-AA93-E711-9210-415645000030
214         9E2B0807-AA93-E711-9210-415645000030
215         9F2B0807-AA93-E711-9210-415645000030
216         A02B0807-AA93-E711-9210-415645000030
217         A12B0807-AA93-E711-9210-415645000030
218         A22B0807-AA93-E711-9210-415645000030
219         A32B0807-AA93-E711-9210-415645000030
220         A42B0807-AA93-E711-9210-415645000030
221         4211040D-AA93-E711-9210-415645000030
222         4311040D-AA93-E711-9210-415645000030
223         4411040D-AA93-E711-9210-415645000030
224         4511040D-AA93-E711-9210-415645000030
225         4611040D-AA93-E711-9210-415645000030
226         4711040D-AA93-E711-9210-415645000030
227         4811040D-AA93-E711-9210-415645000030
228         4911040D-AA93-E711-9210-415645000030
229         4A11040D-AA93-E711-9210-415645000030
230         4B11040D-AA93-E711-9210-415645000030
231         BDEAFF12-AA93-E711-9210-415645000030
232         BEEAFF12-AA93-E711-9210-415645000030
233         BFEAFF12-AA93-E711-9210-415645000030
234         C0EAFF12-AA93-E711-9210-415645000030
235         C1EAFF12-AA93-E711-9210-415645000030
236         C2EAFF12-AA93-E711-9210-415645000030
237         C3EAFF12-AA93-E711-9210-415645000030
238         C4EAFF12-AA93-E711-9210-415645000030
239         C5EAFF12-AA93-E711-9210-415645000030
240         C6EAFF12-AA93-E711-9210-415645000030
241         EEEBFB18-AA93-E711-9210-415645000030
242         EFEBFB18-AA93-E711-9210-415645000030
243         F0EBFB18-AA93-E711-9210-415645000030
244         F1EBFB18-AA93-E711-9210-415645000030
245         F2EBFB18-AA93-E711-9210-415645000030
246         F3EBFB18-AA93-E711-9210-415645000030
247         F4EBFB18-AA93-E711-9210-415645000030
248         F5EBFB18-AA93-E711-9210-415645000030
249         F6EBFB18-AA93-E711-9210-415645000030
250         F7EBFB18-AA93-E711-9210-415645000030
251         2687F71E-AA93-E711-9210-415645000030
252         2787F71E-AA93-E711-9210-415645000030
253         2887F71E-AA93-E711-9210-415645000030
254         2987F71E-AA93-E711-9210-415645000030
255         2A87F71E-AA93-E711-9210-415645000030
256         2B87F71E-AA93-E711-9210-415645000030
257         2C87F71E-AA93-E711-9210-415645000030
258         2D87F71E-AA93-E711-9210-415645000030
259         2E87F71E-AA93-E711-9210-415645000030
260         2F87F71E-AA93-E711-9210-415645000030
261         0784F324-AA93-E711-9210-415645000030
262         0884F324-AA93-E711-9210-415645000030
263         0984F324-AA93-E711-9210-415645000030
264         0A84F324-AA93-E711-9210-415645000030
265         0B84F324-AA93-E711-9210-415645000030
266         0C84F324-AA93-E711-9210-415645000030
267         0D84F324-AA93-E711-9210-415645000030
268         0E84F324-AA93-E711-9210-415645000030
269         0F84F324-AA93-E711-9210-415645000030
270         1084F324-AA93-E711-9210-415645000030
271         9784EE2A-AA93-E711-9210-415645000030
272         9884EE2A-AA93-E711-9210-415645000030
273         9984EE2A-AA93-E711-9210-415645000030
274         9A84EE2A-AA93-E711-9210-415645000030
275         9B84EE2A-AA93-E711-9210-415645000030
276         9C84EE2A-AA93-E711-9210-415645000030
277         9D84EE2A-AA93-E711-9210-415645000030
278         9E84EE2A-AA93-E711-9210-415645000030
279         9F84EE2A-AA93-E711-9210-415645000030
280         A084EE2A-AA93-E711-9210-415645000030
281         88D8E930-AA93-E711-9210-415645000030
282         89D8E930-AA93-E711-9210-415645000030
283         8AD8E930-AA93-E711-9210-415645000030
284         8BD8E930-AA93-E711-9210-415645000030
285         8CD8E930-AA93-E711-9210-415645000030
286         8DD8E930-AA93-E711-9210-415645000030
287         8ED8E930-AA93-E711-9210-415645000030
288         8FD8E930-AA93-E711-9210-415645000030
289         90D8E930-AA93-E711-9210-415645000030
290         91D8E930-AA93-E711-9210-415645000030
291         C0D5E436-AA93-E711-9210-415645000030
292         C1D5E436-AA93-E711-9210-415645000030
293         C2D5E436-AA93-E711-9210-415645000030
294         C3D5E436-AA93-E711-9210-415645000030
295         C4D5E436-AA93-E711-9210-415645000030
296         C5D5E436-AA93-E711-9210-415645000030
297         C6D5E436-AA93-E711-9210-415645000030
298         C7D5E436-AA93-E711-9210-415645000030
299         C8D5E436-AA93-E711-9210-415645000030
300         C9D5E436-AA93-E711-9210-415645000030
301         239EDF3C-AA93-E711-9210-415645000030
302         249EDF3C-AA93-E711-9210-415645000030
303         259EDF3C-AA93-E711-9210-415645000030
304         269EDF3C-AA93-E711-9210-415645000030
305         279EDF3C-AA93-E711-9210-415645000030
306         289EDF3C-AA93-E711-9210-415645000030
307         299EDF3C-AA93-E711-9210-415645000030
308         2A9EDF3C-AA93-E711-9210-415645000030
309         2B9EDF3C-AA93-E711-9210-415645000030
310         2C9EDF3C-AA93-E711-9210-415645000030
311         228CDB42-AA93-E711-9210-415645000030
312         238CDB42-AA93-E711-9210-415645000030
313         248CDB42-AA93-E711-9210-415645000030
314         258CDB42-AA93-E711-9210-415645000030
315         268CDB42-AA93-E711-9210-415645000030
316         278CDB42-AA93-E711-9210-415645000030
317         288CDB42-AA93-E711-9210-415645000030
318         298CDB42-AA93-E711-9210-415645000030
319         2A8CDB42-AA93-E711-9210-415645000030
320         2B8CDB42-AA93-E711-9210-415645000030
321         DBD9D648-AA93-E711-9210-415645000030
322         DCD9D648-AA93-E711-9210-415645000030
323         DDD9D648-AA93-E711-9210-415645000030
324         DED9D648-AA93-E711-9210-415645000030
325         DFD9D648-AA93-E711-9210-415645000030
326         E0D9D648-AA93-E711-9210-415645000030
327         E1D9D648-AA93-E711-9210-415645000030
328         E2D9D648-AA93-E711-9210-415645000030
329         E3D9D648-AA93-E711-9210-415645000030
330         E4D9D648-AA93-E711-9210-415645000030
331         58E8D14E-AA93-E711-9210-415645000030
332         59E8D14E-AA93-E711-9210-415645000030
333         5AE8D14E-AA93-E711-9210-415645000030
334         5BE8D14E-AA93-E711-9210-415645000030
335         5CE8D14E-AA93-E711-9210-415645000030
336         5DE8D14E-AA93-E711-9210-415645000030
337         5EE8D14E-AA93-E711-9210-415645000030
338         5FE8D14E-AA93-E711-9210-415645000030
339         60E8D14E-AA93-E711-9210-415645000030
340         61E8D14E-AA93-E711-9210-415645000030
341         8D55CD54-AA93-E711-9210-415645000030
342         8E55CD54-AA93-E711-9210-415645000030
343         8F55CD54-AA93-E711-9210-415645000030
344         9055CD54-AA93-E711-9210-415645000030
345         9155CD54-AA93-E711-9210-415645000030
346         9255CD54-AA93-E711-9210-415645000030
347         9355CD54-AA93-E711-9210-415645000030
348         9455CD54-AA93-E711-9210-415645000030
349         9555CD54-AA93-E711-9210-415645000030
350         9655CD54-AA93-E711-9210-415645000030
351         54B6C95A-AA93-E711-9210-415645000030
352         55B6C95A-AA93-E711-9210-415645000030
353         56B6C95A-AA93-E711-9210-415645000030
354         57B6C95A-AA93-E711-9210-415645000030
355         58B6C95A-AA93-E711-9210-415645000030
356         59B6C95A-AA93-E711-9210-415645000030
357         5AB6C95A-AA93-E711-9210-415645000030
358         5BB6C95A-AA93-E711-9210-415645000030
359         5CB6C95A-AA93-E711-9210-415645000030
360         5DB6C95A-AA93-E711-9210-415645000030
361         68ABC460-AA93-E711-9210-415645000030
362         69ABC460-AA93-E711-9210-415645000030
363         6AABC460-AA93-E711-9210-415645000030
364         6BABC460-AA93-E711-9210-415645000030
365         6CABC460-AA93-E711-9210-415645000030
366         6DABC460-AA93-E711-9210-415645000030
367         6EABC460-AA93-E711-9210-415645000030
368         6FABC460-AA93-E711-9210-415645000030
369         70ABC460-AA93-E711-9210-415645000030
370         71ABC460-AA93-E711-9210-415645000030
371         9F9AC066-AA93-E711-9210-415645000030
372         A09AC066-AA93-E711-9210-415645000030
373         A19AC066-AA93-E711-9210-415645000030
374         A29AC066-AA93-E711-9210-415645000030
375         A39AC066-AA93-E711-9210-415645000030
376         A49AC066-AA93-E711-9210-415645000030
377         A59AC066-AA93-E711-9210-415645000030
378         A69AC066-AA93-E711-9210-415645000030
379         A79AC066-AA93-E711-9210-415645000030
380         A89AC066-AA93-E711-9210-415645000030
381         B227BC6C-AA93-E711-9210-415645000030
382         B327BC6C-AA93-E711-9210-415645000030
383         B427BC6C-AA93-E711-9210-415645000030
384         B527BC6C-AA93-E711-9210-415645000030
385         B627BC6C-AA93-E711-9210-415645000030
386         B727BC6C-AA93-E711-9210-415645000030
387         B827BC6C-AA93-E711-9210-415645000030
388         B927BC6C-AA93-E711-9210-415645000030
389         BA27BC6C-AA93-E711-9210-415645000030
390         BB27BC6C-AA93-E711-9210-415645000030
391         97FFB772-AA93-E711-9210-415645000030
392         98FFB772-AA93-E711-9210-415645000030
393         99FFB772-AA93-E711-9210-415645000030
394         9AFFB772-AA93-E711-9210-415645000030
395         9BFFB772-AA93-E711-9210-415645000030
396         9CFFB772-AA93-E711-9210-415645000030
397         9DFFB772-AA93-E711-9210-415645000030
398         9EFFB772-AA93-E711-9210-415645000030
399         9FFFB772-AA93-E711-9210-415645000030
400         A0FFB772-AA93-E711-9210-415645000030
401         59B7B378-AA93-E711-9210-415645000030
402         5AB7B378-AA93-E711-9210-415645000030
403         5BB7B378-AA93-E711-9210-415645000030
404         5CB7B378-AA93-E711-9210-415645000030
405         5DB7B378-AA93-E711-9210-415645000030
406         5EB7B378-AA93-E711-9210-415645000030
407         5FB7B378-AA93-E711-9210-415645000030
408         60B7B378-AA93-E711-9210-415645000030
409         61B7B378-AA93-E711-9210-415645000030
410         62B7B378-AA93-E711-9210-415645000030
411         BF6BAF7E-AA93-E711-9210-415645000030
412         C06BAF7E-AA93-E711-9210-415645000030
413         C16BAF7E-AA93-E711-9210-415645000030
414         C26BAF7E-AA93-E711-9210-415645000030
415         C36BAF7E-AA93-E711-9210-415645000030
416         C46BAF7E-AA93-E711-9210-415645000030
417         C56BAF7E-AA93-E711-9210-415645000030
418         C66BAF7E-AA93-E711-9210-415645000030
419         C76BAF7E-AA93-E711-9210-415645000030
420         C86BAF7E-AA93-E711-9210-415645000030
421         A996AA84-AA93-E711-9210-415645000030
422         AA96AA84-AA93-E711-9210-415645000030
423         AB96AA84-AA93-E711-9210-415645000030
424         AC96AA84-AA93-E711-9210-415645000030
425         AD96AA84-AA93-E711-9210-415645000030
426         AE96AA84-AA93-E711-9210-415645000030
427         AF96AA84-AA93-E711-9210-415645000030
428         B096AA84-AA93-E711-9210-415645000030
429         B196AA84-AA93-E711-9210-415645000030
430         B296AA84-AA93-E711-9210-415645000030
431         9FF6A58A-AA93-E711-9210-415645000030
432         A0F6A58A-AA93-E711-9210-415645000030
433         A1F6A58A-AA93-E711-9210-415645000030
434         A2F6A58A-AA93-E711-9210-415645000030
435         A3F6A58A-AA93-E711-9210-415645000030
436         A4F6A58A-AA93-E711-9210-415645000030
437         A5F6A58A-AA93-E711-9210-415645000030
438         A6F6A58A-AA93-E711-9210-415645000030
439         A7F6A58A-AA93-E711-9210-415645000030
440         A8F6A58A-AA93-E711-9210-415645000030
441         DEA2A190-AA93-E711-9210-415645000030
442         DFA2A190-AA93-E711-9210-415645000030
443         E0A2A190-AA93-E711-9210-415645000030
444         E1A2A190-AA93-E711-9210-415645000030
445         E2A2A190-AA93-E711-9210-415645000030
446         E3A2A190-AA93-E711-9210-415645000030
447         E4A2A190-AA93-E711-9210-415645000030
448         E5A2A190-AA93-E711-9210-415645000030
449         E6A2A190-AA93-E711-9210-415645000030
450         E7A2A190-AA93-E711-9210-415645000030
451         F16D9D96-AA93-E711-9210-415645000030
452         F26D9D96-AA93-E711-9210-415645000030
453         F36D9D96-AA93-E711-9210-415645000030
454         F46D9D96-AA93-E711-9210-415645000030
455         F56D9D96-AA93-E711-9210-415645000030
456         F66D9D96-AA93-E711-9210-415645000030
457         F76D9D96-AA93-E711-9210-415645000030
458         F86D9D96-AA93-E711-9210-415645000030
459         F96D9D96-AA93-E711-9210-415645000030
460         FA6D9D96-AA93-E711-9210-415645000030
461         E006999C-AA93-E711-9210-415645000030
462         E106999C-AA93-E711-9210-415645000030
463         E206999C-AA93-E711-9210-415645000030
464         E306999C-AA93-E711-9210-415645000030
465         E406999C-AA93-E711-9210-415645000030
466         E506999C-AA93-E711-9210-415645000030
467         E606999C-AA93-E711-9210-415645000030
468         E706999C-AA93-E711-9210-415645000030
469         E806999C-AA93-E711-9210-415645000030
470         E906999C-AA93-E711-9210-415645000030
471         2D5895A2-AA93-E711-9210-415645000030
472         2E5895A2-AA93-E711-9210-415645000030
473         2F5895A2-AA93-E711-9210-415645000030
474         305895A2-AA93-E711-9210-415645000030
475         315895A2-AA93-E711-9210-415645000030
476         325895A2-AA93-E711-9210-415645000030
477         335895A2-AA93-E711-9210-415645000030
478         345895A2-AA93-E711-9210-415645000030
479         355895A2-AA93-E711-9210-415645000030
480         365895A2-AA93-E711-9210-415645000030
481         511291A8-AA93-E711-9210-415645000030
482         521291A8-AA93-E711-9210-415645000030
483         531291A8-AA93-E711-9210-415645000030
484         541291A8-AA93-E711-9210-415645000030
485         551291A8-AA93-E711-9210-415645000030
486         561291A8-AA93-E711-9210-415645000030
487         571291A8-AA93-E711-9210-415645000030
488         581291A8-AA93-E711-9210-415645000030
489         591291A8-AA93-E711-9210-415645000030
490         5A1291A8-AA93-E711-9210-415645000030
491         17CD8CAE-AA93-E711-9210-415645000030
492         18CD8CAE-AA93-E711-9210-415645000030
493         19CD8CAE-AA93-E711-9210-415645000030
494         1ACD8CAE-AA93-E711-9210-415645000030
495         1BCD8CAE-AA93-E711-9210-415645000030
496         1CCD8CAE-AA93-E711-9210-415645000030
497         1DCD8CAE-AA93-E711-9210-415645000030
498         1ECD8CAE-AA93-E711-9210-415645000030
499         1FCD8CAE-AA93-E711-9210-415645000030
500         20CD8CAE-AA93-E711-9210-415645000030
501         F01789B4-AA93-E711-9210-415645000030
502         F11789B4-AA93-E711-9210-415645000030
503         F21789B4-AA93-E711-9210-415645000030
504         F31789B4-AA93-E711-9210-415645000030
505         F41789B4-AA93-E711-9210-415645000030
506         F51789B4-AA93-E711-9210-415645000030
507         F61789B4-AA93-E711-9210-415645000030
508         F71789B4-AA93-E711-9210-415645000030
509         F81789B4-AA93-E711-9210-415645000030
510         F91789B4-AA93-E711-9210-415645000030
511         539D84BA-AA93-E711-9210-415645000030
512         549D84BA-AA93-E711-9210-415645000030
513         559D84BA-AA93-E711-9210-415645000030
514         569D84BA-AA93-E711-9210-415645000030
515         579D84BA-AA93-E711-9210-415645000030
516         589D84BA-AA93-E711-9210-415645000030
517         599D84BA-AA93-E711-9210-415645000030
518         5A9D84BA-AA93-E711-9210-415645000030
519         5B9D84BA-AA93-E711-9210-415645000030
520         5C9D84BA-AA93-E711-9210-415645000030
521         4A1180C0-AA93-E711-9210-415645000030
522         4B1180C0-AA93-E711-9210-415645000030
523         4C1180C0-AA93-E711-9210-415645000030
524         4D1180C0-AA93-E711-9210-415645000030
525         4E1180C0-AA93-E711-9210-415645000030
526         4F1180C0-AA93-E711-9210-415645000030
527         501180C0-AA93-E711-9210-415645000030
528         511180C0-AA93-E711-9210-415645000030
529         521180C0-AA93-E711-9210-415645000030
530         531180C0-AA93-E711-9210-415645000030
531         F6AC7BC6-AA93-E711-9210-415645000030
532         F7AC7BC6-AA93-E711-9210-415645000030
533         F8AC7BC6-AA93-E711-9210-415645000030
534         F9AC7BC6-AA93-E711-9210-415645000030
535         FAAC7BC6-AA93-E711-9210-415645000030
536         FBAC7BC6-AA93-E711-9210-415645000030
537         FCAC7BC6-AA93-E711-9210-415645000030
538         FDAC7BC6-AA93-E711-9210-415645000030
539         FEAC7BC6-AA93-E711-9210-415645000030
540         FFAC7BC6-AA93-E711-9210-415645000030
541         6B2477CC-AA93-E711-9210-415645000030
542         6C2477CC-AA93-E711-9210-415645000030
543         6D2477CC-AA93-E711-9210-415645000030
544         6E2477CC-AA93-E711-9210-415645000030
545         6F2477CC-AA93-E711-9210-415645000030
546         702477CC-AA93-E711-9210-415645000030
547         712477CC-AA93-E711-9210-415645000030
548         722477CC-AA93-E711-9210-415645000030
549         732477CC-AA93-E711-9210-415645000030
550         742477CC-AA93-E711-9210-415645000030
551         CFF871D2-AA93-E711-9210-415645000030
552         D0F871D2-AA93-E711-9210-415645000030
553         D1F871D2-AA93-E711-9210-415645000030
554         D2F871D2-AA93-E711-9210-415645000030
555         D3F871D2-AA93-E711-9210-415645000030
556         D4F871D2-AA93-E711-9210-415645000030
557         D5F871D2-AA93-E711-9210-415645000030
558         D6F871D2-AA93-E711-9210-415645000030
559         D7F871D2-AA93-E711-9210-415645000030
560         D8F871D2-AA93-E711-9210-415645000030
561         002D6ED8-AA93-E711-9210-415645000030
562         012D6ED8-AA93-E711-9210-415645000030
563         022D6ED8-AA93-E711-9210-415645000030
564         032D6ED8-AA93-E711-9210-415645000030
565         042D6ED8-AA93-E711-9210-415645000030
566         052D6ED8-AA93-E711-9210-415645000030
567         062D6ED8-AA93-E711-9210-415645000030
568         072D6ED8-AA93-E711-9210-415645000030
569         082D6ED8-AA93-E711-9210-415645000030
570         092D6ED8-AA93-E711-9210-415645000030
571         61566ADE-AA93-E711-9210-415645000030
572         62566ADE-AA93-E711-9210-415645000030
573         63566ADE-AA93-E711-9210-415645000030
574         64566ADE-AA93-E711-9210-415645000030
575         65566ADE-AA93-E711-9210-415645000030
576         66566ADE-AA93-E711-9210-415645000030
577         67566ADE-AA93-E711-9210-415645000030
578         68566ADE-AA93-E711-9210-415645000030
579         69566ADE-AA93-E711-9210-415645000030
580         6A566ADE-AA93-E711-9210-415645000030
581         8CB765E4-AA93-E711-9210-415645000030
582         8DB765E4-AA93-E711-9210-415645000030
583         8EB765E4-AA93-E711-9210-415645000030
584         8FB765E4-AA93-E711-9210-415645000030
585         90B765E4-AA93-E711-9210-415645000030
586         91B765E4-AA93-E711-9210-415645000030
587         92B765E4-AA93-E711-9210-415645000030
588         93B765E4-AA93-E711-9210-415645000030
589         94B765E4-AA93-E711-9210-415645000030
590         95B765E4-AA93-E711-9210-415645000030
591         68285EEA-AA93-E711-9210-415645000030
592         69285EEA-AA93-E711-9210-415645000030
593         6A285EEA-AA93-E711-9210-415645000030
594         6B285EEA-AA93-E711-9210-415645000030
595         6C285EEA-AA93-E711-9210-415645000030
596         6D285EEA-AA93-E711-9210-415645000030
597         6E285EEA-AA93-E711-9210-415645000030
598         6F285EEA-AA93-E711-9210-415645000030
599         70285EEA-AA93-E711-9210-415645000030
600         71285EEA-AA93-E711-9210-415645000030
601         369456F0-AA93-E711-9210-415645000030
602         379456F0-AA93-E711-9210-415645000030
603         389456F0-AA93-E711-9210-415645000030
604         399456F0-AA93-E711-9210-415645000030
605         3A9456F0-AA93-E711-9210-415645000030
606         3B9456F0-AA93-E711-9210-415645000030
607         3C9456F0-AA93-E711-9210-415645000030
608         3D9456F0-AA93-E711-9210-415645000030
609         3E9456F0-AA93-E711-9210-415645000030
610         3F9456F0-AA93-E711-9210-415645000030
611         17B24EF6-AA93-E711-9210-415645000030
612         18B24EF6-AA93-E711-9210-415645000030
613         19B24EF6-AA93-E711-9210-415645000030
614         1AB24EF6-AA93-E711-9210-415645000030
615         1BB24EF6-AA93-E711-9210-415645000030
616         1CB24EF6-AA93-E711-9210-415645000030
617         1DB24EF6-AA93-E711-9210-415645000030
618         1EB24EF6-AA93-E711-9210-415645000030
619         1FB24EF6-AA93-E711-9210-415645000030
620         20B24EF6-AA93-E711-9210-415645000030
621         14CA46FC-AA93-E711-9210-415645000030
622         15CA46FC-AA93-E711-9210-415645000030
623         16CA46FC-AA93-E711-9210-415645000030
624         17CA46FC-AA93-E711-9210-415645000030
625         18CA46FC-AA93-E711-9210-415645000030
626         19CA46FC-AA93-E711-9210-415645000030
627         1ACA46FC-AA93-E711-9210-415645000030
628         1BCA46FC-AA93-E711-9210-415645000030
629         1CCA46FC-AA93-E711-9210-415645000030
630         1DCA46FC-AA93-E711-9210-415645000030
631         55BC3E02-AB93-E711-9210-415645000030
632         56BC3E02-AB93-E711-9210-415645000030
633         57BC3E02-AB93-E711-9210-415645000030
634         58BC3E02-AB93-E711-9210-415645000030
635         59BC3E02-AB93-E711-9210-415645000030
636         5ABC3E02-AB93-E711-9210-415645000030
637         5BBC3E02-AB93-E711-9210-415645000030
638         5CBC3E02-AB93-E711-9210-415645000030
639         5DBC3E02-AB93-E711-9210-415645000030
640         5EBC3E02-AB93-E711-9210-415645000030
641         73AE3608-AB93-E711-9210-415645000030
642         74AE3608-AB93-E711-9210-415645000030
643         75AE3608-AB93-E711-9210-415645000030
644         76AE3608-AB93-E711-9210-415645000030
645         77AE3608-AB93-E711-9210-415645000030
646         78AE3608-AB93-E711-9210-415645000030
647         79AE3608-AB93-E711-9210-415645000030
648         7AAE3608-AB93-E711-9210-415645000030
649         7BAE3608-AB93-E711-9210-415645000030
650         7CAE3608-AB93-E711-9210-415645000030
651         46822E0E-AB93-E711-9210-415645000030
652         47822E0E-AB93-E711-9210-415645000030
653         48822E0E-AB93-E711-9210-415645000030
654         49822E0E-AB93-E711-9210-415645000030
655         4A822E0E-AB93-E711-9210-415645000030
656         4B822E0E-AB93-E711-9210-415645000030
657         4C822E0E-AB93-E711-9210-415645000030
658         4D822E0E-AB93-E711-9210-415645000030
659         4E822E0E-AB93-E711-9210-415645000030
660         4F822E0E-AB93-E711-9210-415645000030
661         050F2614-AB93-E711-9210-415645000030
662         060F2614-AB93-E711-9210-415645000030
663         070F2614-AB93-E711-9210-415645000030
664         080F2614-AB93-E711-9210-415645000030
665         090F2614-AB93-E711-9210-415645000030
666         0A0F2614-AB93-E711-9210-415645000030
667         0B0F2614-AB93-E711-9210-415645000030
668         0C0F2614-AB93-E711-9210-415645000030
669         0D0F2614-AB93-E711-9210-415645000030
670         0E0F2614-AB93-E711-9210-415645000030
671         0F0F2614-AB93-E711-9210-415645000030
672         E9B2B61A-AB93-E711-9210-415645000030
673         EAB2B61A-AB93-E711-9210-415645000030
674         EBB2B61A-AB93-E711-9210-415645000030
675         ECB2B61A-AB93-E711-9210-415645000030
676         EDB2B61A-AB93-E711-9210-415645000030
677         EEB2B61A-AB93-E711-9210-415645000030
678         EFB2B61A-AB93-E711-9210-415645000030
679         F0B2B61A-AB93-E711-9210-415645000030
680         F1B2B61A-AB93-E711-9210-415645000030
681         F2B2B61A-AB93-E711-9210-415645000030
682         6EF3AE20-AB93-E711-9210-415645000030
683         6FF3AE20-AB93-E711-9210-415645000030
684         70F3AE20-AB93-E711-9210-415645000030
685         71F3AE20-AB93-E711-9210-415645000030
686         72F3AE20-AB93-E711-9210-415645000030
687         73F3AE20-AB93-E711-9210-415645000030
688         74F3AE20-AB93-E711-9210-415645000030
689         75F3AE20-AB93-E711-9210-415645000030
690         76F3AE20-AB93-E711-9210-415645000030
691         77F3AE20-AB93-E711-9210-415645000030
692         8B90A726-AB93-E711-9210-415645000030
693         8C90A726-AB93-E711-9210-415645000030
694         8D90A726-AB93-E711-9210-415645000030
695         8E90A726-AB93-E711-9210-415645000030
696         8F90A726-AB93-E711-9210-415645000030
697         9090A726-AB93-E711-9210-415645000030
698         9190A726-AB93-E711-9210-415645000030
699         9290A726-AB93-E711-9210-415645000030
700         9390A726-AB93-E711-9210-415645000030
701         9490A726-AB93-E711-9210-415645000030
702         9703A02C-AB93-E711-9210-415645000030
703         9803A02C-AB93-E711-9210-415645000030
704         9903A02C-AB93-E711-9210-415645000030
705         9A03A02C-AB93-E711-9210-415645000030
706         9B03A02C-AB93-E711-9210-415645000030
707         9C03A02C-AB93-E711-9210-415645000030
708         9D03A02C-AB93-E711-9210-415645000030
709         9E03A02C-AB93-E711-9210-415645000030
710         9F03A02C-AB93-E711-9210-415645000030
711         A003A02C-AB93-E711-9210-415645000030
712         CC739832-AB93-E711-9210-415645000030
713         CD739832-AB93-E711-9210-415645000030
714         CE739832-AB93-E711-9210-415645000030
715         CF739832-AB93-E711-9210-415645000030
716         D0739832-AB93-E711-9210-415645000030
717         D1739832-AB93-E711-9210-415645000030
718         D2739832-AB93-E711-9210-415645000030
719         D3739832-AB93-E711-9210-415645000030
720         D4739832-AB93-E711-9210-415645000030
721         D5739832-AB93-E711-9210-415645000030
722         E7AA9038-AB93-E711-9210-415645000030
723         E8AA9038-AB93-E711-9210-415645000030
724         E9AA9038-AB93-E711-9210-415645000030
725         EAAA9038-AB93-E711-9210-415645000030
726         EBAA9038-AB93-E711-9210-415645000030
727         ECAA9038-AB93-E711-9210-415645000030
728         EDAA9038-AB93-E711-9210-415645000030
729         EEAA9038-AB93-E711-9210-415645000030
730         EFAA9038-AB93-E711-9210-415645000030
731         F0AA9038-AB93-E711-9210-415645000030
732         87CD883E-AB93-E711-9210-415645000030
733         88CD883E-AB93-E711-9210-415645000030
734         89CD883E-AB93-E711-9210-415645000030
735         8ACD883E-AB93-E711-9210-415645000030
736         8BCD883E-AB93-E711-9210-415645000030
737         8CCD883E-AB93-E711-9210-415645000030
738         8DCD883E-AB93-E711-9210-415645000030
739         8ECD883E-AB93-E711-9210-415645000030
740         8FCD883E-AB93-E711-9210-415645000030
741         90CD883E-AB93-E711-9210-415645000030
742         2F888044-AB93-E711-9210-415645000030
743         30888044-AB93-E711-9210-415645000030
744         31888044-AB93-E711-9210-415645000030
745         32888044-AB93-E711-9210-415645000030
746         33888044-AB93-E711-9210-415645000030
747         34888044-AB93-E711-9210-415645000030
748         35888044-AB93-E711-9210-415645000030
749         36888044-AB93-E711-9210-415645000030
750         37888044-AB93-E711-9210-415645000030
751         38888044-AB93-E711-9210-415645000030
752         8A84784A-AB93-E711-9210-415645000030
753         8B84784A-AB93-E711-9210-415645000030
754         8C84784A-AB93-E711-9210-415645000030
755         8D84784A-AB93-E711-9210-415645000030
756         8E84784A-AB93-E711-9210-415645000030
757         8F84784A-AB93-E711-9210-415645000030
758         9084784A-AB93-E711-9210-415645000030
759         9184784A-AB93-E711-9210-415645000030
760         9284784A-AB93-E711-9210-415645000030
761         9384784A-AB93-E711-9210-415645000030
762         B6AF7050-AB93-E711-9210-415645000030
763         B7AF7050-AB93-E711-9210-415645000030
764         B8AF7050-AB93-E711-9210-415645000030
765         B9AF7050-AB93-E711-9210-415645000030
766         BAAF7050-AB93-E711-9210-415645000030
767         BBAF7050-AB93-E711-9210-415645000030
768         BCAF7050-AB93-E711-9210-415645000030
769         BDAF7050-AB93-E711-9210-415645000030
770         BEAF7050-AB93-E711-9210-415645000030
771         BFAF7050-AB93-E711-9210-415645000030
772         20BE6856-AB93-E711-9210-415645000030
773         21BE6856-AB93-E711-9210-415645000030
774         22BE6856-AB93-E711-9210-415645000030
775         23BE6856-AB93-E711-9210-415645000030
776         24BE6856-AB93-E711-9210-415645000030
777         25BE6856-AB93-E711-9210-415645000030
778         26BE6856-AB93-E711-9210-415645000030
779         27BE6856-AB93-E711-9210-415645000030
780         28BE6856-AB93-E711-9210-415645000030
781         29BE6856-AB93-E711-9210-415645000030
782         2ABE6856-AB93-E711-9210-415645000030
783         986AF95C-AB93-E711-9210-415645000030
784         996AF95C-AB93-E711-9210-415645000030
785         9A6AF95C-AB93-E711-9210-415645000030
786         9B6AF95C-AB93-E711-9210-415645000030
787         9C6AF95C-AB93-E711-9210-415645000030
788         9D6AF95C-AB93-E711-9210-415645000030
789         9E6AF95C-AB93-E711-9210-415645000030
790         9F6AF95C-AB93-E711-9210-415645000030
791         A06AF95C-AB93-E711-9210-415645000030
792         A16AF95C-AB93-E711-9210-415645000030
793         E892F162-AB93-E711-9210-415645000030
794         E992F162-AB93-E711-9210-415645000030
795         EA92F162-AB93-E711-9210-415645000030
796         EB92F162-AB93-E711-9210-415645000030
797         EC92F162-AB93-E711-9210-415645000030
798         ED92F162-AB93-E711-9210-415645000030
799         EE92F162-AB93-E711-9210-415645000030
800         EF92F162-AB93-E711-9210-415645000030
801         F092F162-AB93-E711-9210-415645000030
802         F192F162-AB93-E711-9210-415645000030
803         9EA0E968-AB93-E711-9210-415645000030
804         9FA0E968-AB93-E711-9210-415645000030
805         A0A0E968-AB93-E711-9210-415645000030
806         A1A0E968-AB93-E711-9210-415645000030
807         A2A0E968-AB93-E711-9210-415645000030
808         A3A0E968-AB93-E711-9210-415645000030
809         A4A0E968-AB93-E711-9210-415645000030
810         A5A0E968-AB93-E711-9210-415645000030
811         A6A0E968-AB93-E711-9210-415645000030
812         A7A0E968-AB93-E711-9210-415645000030
813         F2E7E16E-AB93-E711-9210-415645000030
814         F3E7E16E-AB93-E711-9210-415645000030
815         F4E7E16E-AB93-E711-9210-415645000030
816         F5E7E16E-AB93-E711-9210-415645000030
817         F6E7E16E-AB93-E711-9210-415645000030
818         F7E7E16E-AB93-E711-9210-415645000030
819         F8E7E16E-AB93-E711-9210-415645000030
820         F9E7E16E-AB93-E711-9210-415645000030
821         FAE7E16E-AB93-E711-9210-415645000030
822         FBE7E16E-AB93-E711-9210-415645000030
823         7803DA74-AB93-E711-9210-415645000030
824         7903DA74-AB93-E711-9210-415645000030
825         7A03DA74-AB93-E711-9210-415645000030
826         7B03DA74-AB93-E711-9210-415645000030
827         7C03DA74-AB93-E711-9210-415645000030
828         7D03DA74-AB93-E711-9210-415645000030
829         7E03DA74-AB93-E711-9210-415645000030
830         7F03DA74-AB93-E711-9210-415645000030
831         8003DA74-AB93-E711-9210-415645000030
832         8103DA74-AB93-E711-9210-415645000030
833         8889D27A-AB93-E711-9210-415645000030
834         8989D27A-AB93-E711-9210-415645000030
835         8A89D27A-AB93-E711-9210-415645000030
836         8B89D27A-AB93-E711-9210-415645000030
837         8C89D27A-AB93-E711-9210-415645000030
838         8D89D27A-AB93-E711-9210-415645000030
839         8E89D27A-AB93-E711-9210-415645000030
840         8F89D27A-AB93-E711-9210-415645000030
841         9089D27A-AB93-E711-9210-415645000030
842         9189D27A-AB93-E711-9210-415645000030
843         5DA3CA80-AB93-E711-9210-415645000030
844         5EA3CA80-AB93-E711-9210-415645000030
845         5FA3CA80-AB93-E711-9210-415645000030
846         60A3CA80-AB93-E711-9210-415645000030
847         61A3CA80-AB93-E711-9210-415645000030
848         62A3CA80-AB93-E711-9210-415645000030
849         63A3CA80-AB93-E711-9210-415645000030
850         64A3CA80-AB93-E711-9210-415645000030
851         65A3CA80-AB93-E711-9210-415645000030
852         66A3CA80-AB93-E711-9210-415645000030
853         67A3CA80-AB93-E711-9210-415645000030
854         F64D5B87-AB93-E711-9210-415645000030
855         F74D5B87-AB93-E711-9210-415645000030
856         F84D5B87-AB93-E711-9210-415645000030
857         F94D5B87-AB93-E711-9210-415645000030
858         FA4D5B87-AB93-E711-9210-415645000030
859         FB4D5B87-AB93-E711-9210-415645000030
860         FC4D5B87-AB93-E711-9210-415645000030
861         FD4D5B87-AB93-E711-9210-415645000030
862         FE4D5B87-AB93-E711-9210-415645000030
863         FF4D5B87-AB93-E711-9210-415645000030
864         1FA4538D-AB93-E711-9210-415645000030
865         20A4538D-AB93-E711-9210-415645000030
866         21A4538D-AB93-E711-9210-415645000030
867         22A4538D-AB93-E711-9210-415645000030
868         23A4538D-AB93-E711-9210-415645000030
869         24A4538D-AB93-E711-9210-415645000030
870         25A4538D-AB93-E711-9210-415645000030
871         26A4538D-AB93-E711-9210-415645000030
872         27A4538D-AB93-E711-9210-415645000030
873         28A4538D-AB93-E711-9210-415645000030
874         8EB34C93-AB93-E711-9210-415645000030
875         8FB34C93-AB93-E711-9210-415645000030
876         90B34C93-AB93-E711-9210-415645000030
877         91B34C93-AB93-E711-9210-415645000030
878         92B34C93-AB93-E711-9210-415645000030
879         93B34C93-AB93-E711-9210-415645000030
880         94B34C93-AB93-E711-9210-415645000030
881         95B34C93-AB93-E711-9210-415645000030
882         96B34C93-AB93-E711-9210-415645000030
883         97B34C93-AB93-E711-9210-415645000030
884         11B74599-AB93-E711-9210-415645000030
885         12B74599-AB93-E711-9210-415645000030
886         13B74599-AB93-E711-9210-415645000030
887         14B74599-AB93-E711-9210-415645000030
888         15B74599-AB93-E711-9210-415645000030
889         16B74599-AB93-E711-9210-415645000030
890         17B74599-AB93-E711-9210-415645000030
891         18B74599-AB93-E711-9210-415645000030
892         19B74599-AB93-E711-9210-415645000030
893         1AB74599-AB93-E711-9210-415645000030
894         AF293F9F-AB93-E711-9210-415645000030
895         B0293F9F-AB93-E711-9210-415645000030
896         B1293F9F-AB93-E711-9210-415645000030
897         B2293F9F-AB93-E711-9210-415645000030
898         B3293F9F-AB93-E711-9210-415645000030
899         B4293F9F-AB93-E711-9210-415645000030
900         B5293F9F-AB93-E711-9210-415645000030
901         B6293F9F-AB93-E711-9210-415645000030
902         B7293F9F-AB93-E711-9210-415645000030
903         B8293F9F-AB93-E711-9210-415645000030
904         AA2239A5-AB93-E711-9210-415645000030
905         AB2239A5-AB93-E711-9210-415645000030
906         AC2239A5-AB93-E711-9210-415645000030
907         AD2239A5-AB93-E711-9210-415645000030
908         AE2239A5-AB93-E711-9210-415645000030
909         AF2239A5-AB93-E711-9210-415645000030
910         B02239A5-AB93-E711-9210-415645000030
911         B12239A5-AB93-E711-9210-415645000030
912         B22239A5-AB93-E711-9210-415645000030
913         B32239A5-AB93-E711-9210-415645000030
914         476F33AB-AB93-E711-9210-415645000030
915         486F33AB-AB93-E711-9210-415645000030
916         496F33AB-AB93-E711-9210-415645000030
917         4A6F33AB-AB93-E711-9210-415645000030
918         4B6F33AB-AB93-E711-9210-415645000030
919         4C6F33AB-AB93-E711-9210-415645000030
920         4D6F33AB-AB93-E711-9210-415645000030
921         4E6F33AB-AB93-E711-9210-415645000030
922         4F6F33AB-AB93-E711-9210-415645000030
923         506F33AB-AB93-E711-9210-415645000030
924         10452CB1-AB93-E711-9210-415645000030
925         11452CB1-AB93-E711-9210-415645000030
926         12452CB1-AB93-E711-9210-415645000030
927         13452CB1-AB93-E711-9210-415645000030
928         14452CB1-AB93-E711-9210-415645000030
929         15452CB1-AB93-E711-9210-415645000030
930         16452CB1-AB93-E711-9210-415645000030
931         17452CB1-AB93-E711-9210-415645000030
932         18452CB1-AB93-E711-9210-415645000030
933         19452CB1-AB93-E711-9210-415645000030
934         221C27B7-AB93-E711-9210-415645000030
935         231C27B7-AB93-E711-9210-415645000030
936         241C27B7-AB93-E711-9210-415645000030
937         251C27B7-AB93-E711-9210-415645000030
938         261C27B7-AB93-E711-9210-415645000030
939         271C27B7-AB93-E711-9210-415645000030
940         281C27B7-AB93-E711-9210-415645000030
941         291C27B7-AB93-E711-9210-415645000030
942         2A1C27B7-AB93-E711-9210-415645000030
943         2B1C27B7-AB93-E711-9210-415645000030
944         C51720BD-AB93-E711-9210-415645000030
945         C61720BD-AB93-E711-9210-415645000030
946         C71720BD-AB93-E711-9210-415645000030
947         C81720BD-AB93-E711-9210-415645000030
948         C91720BD-AB93-E711-9210-415645000030
949         CA1720BD-AB93-E711-9210-415645000030
950         CB1720BD-AB93-E711-9210-415645000030
951         CC1720BD-AB93-E711-9210-415645000030
952         CD1720BD-AB93-E711-9210-415645000030
953         CE1720BD-AB93-E711-9210-415645000030
954         47571AC3-AB93-E711-9210-415645000030
955         48571AC3-AB93-E711-9210-415645000030
956         49571AC3-AB93-E711-9210-415645000030
957         4A571AC3-AB93-E711-9210-415645000030
958         4B571AC3-AB93-E711-9210-415645000030
959         4C571AC3-AB93-E711-9210-415645000030
960         4D571AC3-AB93-E711-9210-415645000030
961         4E571AC3-AB93-E711-9210-415645000030
962         4F571AC3-AB93-E711-9210-415645000030
963         50571AC3-AB93-E711-9210-415645000030
964         8ACD14C9-AB93-E711-9210-415645000030
965         8BCD14C9-AB93-E711-9210-415645000030
966         8CCD14C9-AB93-E711-9210-415645000030
967         8DCD14C9-AB93-E711-9210-415645000030
968         8ECD14C9-AB93-E711-9210-415645000030
969         8FCD14C9-AB93-E711-9210-415645000030
970         90CD14C9-AB93-E711-9210-415645000030
971         91CD14C9-AB93-E711-9210-415645000030
972         92CD14C9-AB93-E711-9210-415645000030
973         93CD14C9-AB93-E711-9210-415645000030
974         94DE0ECF-AB93-E711-9210-415645000030
975         95DE0ECF-AB93-E711-9210-415645000030
976         96DE0ECF-AB93-E711-9210-415645000030
977         97DE0ECF-AB93-E711-9210-415645000030
978         98DE0ECF-AB93-E711-9210-415645000030
979         99DE0ECF-AB93-E711-9210-415645000030
980         9ADE0ECF-AB93-E711-9210-415645000030
981         9BDE0ECF-AB93-E711-9210-415645000030
982         9CDE0ECF-AB93-E711-9210-415645000030
983         9DDE0ECF-AB93-E711-9210-415645000030
984         F1C708D5-AB93-E711-9210-415645000030
985         F2C708D5-AB93-E711-9210-415645000030
986         F3C708D5-AB93-E711-9210-415645000030
987         F4C708D5-AB93-E711-9210-415645000030
988         F5C708D5-AB93-E711-9210-415645000030
989         F6C708D5-AB93-E711-9210-415645000030
990         F7C708D5-AB93-E711-9210-415645000030
991         F8C708D5-AB93-E711-9210-415645000030
992         F9C708D5-AB93-E711-9210-415645000030
993         FAC708D5-AB93-E711-9210-415645000030
994         739A02DB-AB93-E711-9210-415645000030
995         749A02DB-AB93-E711-9210-415645000030
996         759A02DB-AB93-E711-9210-415645000030
997         769A02DB-AB93-E711-9210-415645000030
998         779A02DB-AB93-E711-9210-415645000030
999         789A02DB-AB93-E711-9210-415645000030
1000        799A02DB-AB93-E711-9210-415645000030

(1000 row(s) affected)

